2018/01/26 16:01:09 version: 20171201
2018/01/26 16:01:09 listening on: [::]:12948
2018/01/26 16:01:09 encryption: aes
2018/01/26 16:01:09 nodelay parameters: 1 20 2 1
2018/01/26 16:01:09 remote address: 176.122.162.98:29900
2018/01/26 16:01:09 sndwnd: 256 rcvwnd: 2048
2018/01/26 16:01:09 compression: true
2018/01/26 16:01:09 mtu: 1400
2018/01/26 16:01:09 datashard: 10 parityshard: 3
2018/01/26 16:01:09 acknodelay: false
2018/01/26 16:01:09 dscp: 0
2018/01/26 16:01:09 sockbuf: 4194304
2018/01/26 16:01:09 keepalive: 10
2018/01/26 16:01:09 conn: 4
2018/01/26 16:01:09 autoexpire: 0
2018/01/26 16:01:09 scavengettl: 600
2018/01/26 16:01:09 snmplog: 
2018/01/26 16:01:09 snmpperiod: 60
2018/01/26 16:01:09 quiet: false
2018/01/26 16:01:09 connection: 172.18.84.71:53818 -> 176.122.162.98:29900
2018/01/26 16:01:09 connection: 172.18.84.71:53819 -> 176.122.162.98:29900
2018/01/26 16:01:09 connection: 172.18.84.71:53820 -> 176.122.162.98:29900
2018/01/26 16:01:09 connection: 172.18.84.71:53821 -> 176.122.162.98:29900
2018/01/26 16:07:27 stream opened
2018/01/26 16:07:27 stream opened
2018/01/26 16:07:30 stream opened
2018/01/26 16:07:32 stream opened
2018/01/26 16:07:36 stream opened
2018/01/26 16:07:36 stream closed
2018/01/26 16:07:36 stream closed
2018/01/26 16:07:36 stream closed
2018/01/26 16:07:38 stream opened
2018/01/26 16:07:38 stream opened
2018/01/26 16:07:38 stream opened
2018/01/26 16:07:38 stream opened
2018/01/26 16:07:38 stream opened
2018/01/26 16:07:38 stream opened
2018/01/26 16:07:38 stream opened
2018/01/26 16:07:38 stream opened
2018/01/26 16:07:39 stream opened
2018/01/26 16:07:39 stream opened
2018/01/26 16:07:39 stream opened
2018/01/26 16:07:39 stream opened
2018/01/26 16:07:39 stream opened
2018/01/26 16:07:39 stream opened
2018/01/26 16:07:40 stream opened
2018/01/26 16:07:40 stream opened
2018/01/26 16:07:42 stream opened
2018/01/26 16:07:42 stream opened
2018/01/26 16:07:45 stream opened
2018/01/26 16:07:45 stream opened
2018/01/26 16:07:46 stream closed
2018/01/26 16:07:46 stream closed
2018/01/26 16:07:46 stream closed
2018/01/26 16:07:46 stream closed
2018/01/26 16:07:46 stream closed
2018/01/26 16:07:46 stream closed
2018/01/26 16:07:46 stream closed
2018/01/26 16:07:46 stream closed
2018/01/26 16:07:46 stream closed
2018/01/26 16:07:46 stream closed
2018/01/26 16:07:46 stream closed
2018/01/26 16:07:46 stream closed
2018/01/26 16:07:46 stream closed
2018/01/26 16:07:46 stream closed
2018/01/26 16:07:46 stream closed
2018/01/26 16:07:46 stream closed
2018/01/26 16:07:46 stream closed
2018/01/26 16:07:46 stream closed
2018/01/26 16:07:46 stream closed
2018/01/26 16:07:46 stream closed
2018/01/26 16:07:47 stream opened
2018/01/26 16:07:47 stream opened
2018/01/26 16:07:48 stream opened
2018/01/26 16:07:48 stream opened
2018/01/26 16:07:48 stream opened
2018/01/26 16:07:48 stream opened
2018/01/26 16:07:48 stream opened
2018/01/26 16:07:49 stream opened
2018/01/26 16:07:49 stream opened
2018/01/26 16:07:50 stream opened
2018/01/26 16:07:50 stream opened
2018/01/26 16:07:50 stream opened
2018/01/26 16:07:50 stream opened
2018/01/26 16:07:50 stream opened
2018/01/26 16:07:50 stream opened
2018/01/26 16:07:50 stream opened
2018/01/26 16:07:50 stream closed
2018/01/26 16:07:50 stream closed
2018/01/26 16:07:51 stream opened
2018/01/26 16:07:51 stream opened
2018/01/26 16:07:51 stream opened
2018/01/26 16:07:56 stream closed
2018/01/26 16:07:56 stream closed
2018/01/26 16:07:56 stream closed
2018/01/26 16:07:56 stream closed
2018/01/26 16:07:56 stream closed
2018/01/26 16:07:56 stream closed
2018/01/26 16:07:56 stream closed
2018/01/26 16:07:56 stream closed
2018/01/26 16:07:56 stream closed
2018/01/26 16:07:56 stream closed
2018/01/26 16:07:56 stream closed
2018/01/26 16:07:56 stream closed
2018/01/26 16:07:56 stream closed
2018/01/26 16:07:56 stream closed
2018/01/26 16:07:56 stream closed
2018/01/26 16:07:56 stream closed
2018/01/26 16:07:56 stream closed
2018/01/26 16:07:56 stream closed
2018/01/26 16:07:56 stream opened
2018/01/26 16:07:56 stream opened
2018/01/26 16:07:57 stream opened
2018/01/26 16:07:57 stream opened
2018/01/26 16:07:58 stream opened
2018/01/26 16:07:59 stream opened
2018/01/26 16:07:59 stream opened
2018/01/26 16:07:59 stream opened
2018/01/26 16:07:59 stream opened
2018/01/26 16:07:59 stream opened
2018/01/26 16:08:00 stream opened
2018/01/26 16:08:00 stream opened
2018/01/26 16:08:02 stream opened
2018/01/26 16:08:03 stream opened
2018/01/26 16:08:06 stream closed
2018/01/26 16:08:06 stream closed
2018/01/26 16:08:06 stream closed
2018/01/26 16:08:06 stream closed
2018/01/26 16:08:06 stream closed
2018/01/26 16:08:06 stream closed
2018/01/26 16:08:06 stream closed
2018/01/26 16:08:06 stream closed
2018/01/26 16:08:06 stream closed
2018/01/26 16:08:06 stream closed
2018/01/26 16:08:06 stream closed
2018/01/26 16:08:06 stream closed
2018/01/26 16:08:06 stream closed
2018/01/26 16:08:06 stream closed
2018/01/26 16:08:06 stream opened
2018/01/26 16:08:06 stream opened
2018/01/26 16:08:06 stream opened
2018/01/26 16:08:07 stream opened
2018/01/26 16:08:09 stream opened
2018/01/26 16:08:16 stream closed
2018/01/26 16:08:16 stream closed
2018/01/26 16:08:16 stream closed
2018/01/26 16:08:16 stream closed
2018/01/26 16:08:17 stream opened
2018/01/26 16:08:19 stream opened
2018/01/26 16:08:20 stream opened
2018/01/26 16:08:20 stream opened
2018/01/26 16:08:20 stream closed
2018/01/26 16:08:20 stream opened
2018/01/26 16:08:21 stream opened
2018/01/26 16:08:21 stream opened
2018/01/26 16:08:21 stream opened
2018/01/26 16:08:22 stream opened
2018/01/26 16:08:23 stream opened
2018/01/26 16:08:23 stream opened
2018/01/26 16:08:26 stream closed
2018/01/26 16:08:26 stream closed
2018/01/26 16:08:26 stream closed
2018/01/26 16:08:26 stream closed
2018/01/26 16:08:26 stream closed
2018/01/26 16:08:26 stream closed
2018/01/26 16:08:26 stream closed
2018/01/26 16:08:26 stream closed
2018/01/26 16:08:26 stream closed
2018/01/26 16:08:26 stream closed
2018/01/26 16:08:26 stream closed
2018/01/26 16:08:26 stream opened
2018/01/26 16:08:29 stream opened
2018/01/26 16:08:29 stream opened
2018/01/26 16:08:29 stream opened
2018/01/26 16:08:30 stream opened
2018/01/26 16:08:32 stream opened
2018/01/26 16:08:32 stream opened
2018/01/26 16:08:33 stream opened
2018/01/26 16:08:33 stream opened
2018/01/26 16:08:33 stream opened
2018/01/26 16:08:33 stream opened
2018/01/26 16:08:33 stream opened
2018/01/26 16:08:33 stream opened
2018/01/26 16:08:33 stream opened
2018/01/26 16:08:34 stream opened
2018/01/26 16:08:34 stream opened
2018/01/26 16:08:35 stream closed
2018/01/26 16:08:36 stream closed
2018/01/26 16:08:36 stream closed
2018/01/26 16:08:36 stream closed
2018/01/26 16:08:36 stream closed
2018/01/26 16:08:36 stream closed
2018/01/26 16:08:36 stream closed
2018/01/26 16:08:36 stream closed
2018/01/26 16:08:36 stream closed
2018/01/26 16:08:36 stream closed
2018/01/26 16:08:36 stream closed
2018/01/26 16:08:36 stream closed
2018/01/26 16:08:36 stream closed
2018/01/26 16:08:36 stream closed
2018/01/26 16:08:36 stream closed
2018/01/26 16:08:36 stream closed
2018/01/26 16:08:37 stream opened
2018/01/26 16:08:37 stream opened
2018/01/26 16:08:37 stream opened
2018/01/26 16:08:39 stream opened
2018/01/26 16:08:40 stream opened
2018/01/26 16:08:40 stream closed
2018/01/26 16:08:40 stream opened
2018/01/26 16:08:40 stream opened
2018/01/26 16:08:46 stream closed
2018/01/26 16:08:46 stream closed
2018/01/26 16:08:46 stream closed
2018/01/26 16:08:46 stream closed
2018/01/26 16:08:46 stream closed
2018/01/26 16:08:46 stream opened
2018/01/26 16:08:49 stream opened
2018/01/26 16:08:56 stream closed
2018/01/26 16:08:56 stream closed
2018/01/26 16:08:56 stream closed
2018/01/26 16:08:59 stream opened
2018/01/26 16:09:06 stream opened
2018/01/26 16:09:06 stream closed
2018/01/26 16:09:09 stream opened
2018/01/26 16:09:16 stream closed
2018/01/26 16:09:16 stream closed
2018/01/26 16:09:30 stream opened
2018/01/26 16:09:35 stream opened
2018/01/26 16:09:36 stream opened
2018/01/26 16:09:36 stream closed
2018/01/26 16:09:36 stream closed
2018/01/26 16:09:36 stream opened
2018/01/26 16:09:43 stream opened
2018/01/26 16:09:44 stream closed
2018/01/26 16:09:46 stream closed
2018/01/26 16:09:46 stream closed
2018/01/26 16:11:37 stream opened
2018/01/26 16:11:46 stream closed
2018/01/26 16:12:56 stream closed
2018/01/26 16:12:56 stream opened
2018/01/26 16:14:37 stream opened
2018/01/26 16:14:46 stream closed
2018/01/26 16:17:37 stream opened
2018/01/26 16:17:46 stream closed
2018/01/26 16:17:56 stream closed
2018/01/26 16:17:56 stream opened
